<?xml version="1.0" encoding="UTF-8"?>
<!-- Generated by org.testng.reporters.JUnitXMLReporter -->
<testsuite ignored="0" hostname="DESKTOP-MFILMAC" failures="0" tests="4" name="Default test" time="0.038" errors="0" timestamp="2022-06-04T22:25:29 PDT">
  <testcase classname="Demo.TestNGGroupsDemo" name="test1" time="0.009"/>
  <testcase classname="Demo.TestNGGroupsDemo" name="test2" time="0.001"/>
  <testcase classname="Demo.TestNGGroupsDemo" name="test3" time="0.0"/>
  <testcase classname="Demo.TestNGGroupsDemo" name="test4" time="0.0"/>
</testsuite> <!-- Default test -->
